{"contracts/Faucet.sol":{"l":{"48":34,"49":32,"53":2,"54":1,"66":13,"67":13,"68":13,"70":13,"78":2,"79":1,"88":13,"89":6,"91":7,"92":7,"94":7,"102":9,"103":4,"105":5,"106":5,"108":5,"116":8,"117":4,"119":4,"120":4,"122":4,"131":1,"133":1,"142":2,"144":2,"159":30,"160":9,"165":21,"166":7,"169":14,"180":16},"path":"/home/nico/Desktop/public_repos/smart-contract-faucet/contracts/Faucet.sol","s":{"1":34,"2":2,"3":13,"4":13,"5":13,"6":13,"7":2,"8":1,"9":13,"10":6,"11":7,"12":7,"13":9,"14":4,"15":5,"16":5,"17":8,"18":4,"19":4,"20":4,"21":1,"22":1,"23":2,"24":2,"25":30,"26":9,"27":21,"28":7,"29":14,"30":16},"b":{"1":[32,2],"2":[1,1],"3":[1,1],"4":[6,7],"5":[4,5],"6":[4,4],"7":[9,21],"8":[7,14]},"f":{"1":34,"2":2,"3":13,"4":2,"5":13,"6":9,"7":8,"8":1,"9":2,"10":30,"11":16},"fnMap":{"1":{"name":"faucetOn","line":47,"loc":{"start":{"line":47,"column":4},"end":{"line":47,"column":21}}},"2":{"name":"faucetOff","line":52,"loc":{"start":{"line":52,"column":4},"end":{"line":52,"column":22}}},"3":{"name":null,"line":63,"loc":{"start":{"line":63,"column":4},"end":{"line":65,"column":5}}},"4":{"name":null,"line":74,"loc":{"start":{"line":74,"column":4},"end":{"line":77,"column":5}}},"5":{"name":"drip1000Token","line":84,"loc":{"start":{"line":84,"column":4},"end":{"line":87,"column":5}}},"6":{"name":"drip2000Token","line":98,"loc":{"start":{"line":98,"column":4},"end":{"line":101,"column":5}}},"7":{"name":"drip5000Token","line":112,"loc":{"start":{"line":112,"column":4},"end":{"line":115,"column":5}}},"8":{"name":"turnFaucetOn","line":126,"loc":{"start":{"line":126,"column":4},"end":{"line":130,"column":5}}},"9":{"name":"turnFaucetOff","line":137,"loc":{"start":{"line":137,"column":4},"end":{"line":141,"column":5}}},"10":{"name":"checkStatus","line":153,"loc":{"start":{"line":153,"column":4},"end":{"line":157,"column":5}}},"11":{"name":"updateStatus","line":177,"loc":{"start":{"line":177,"column":4},"end":{"line":179,"column":5}}}},"statementMap":{"1":{"start":{"line":48,"column":8},"end":{"line":48,"column":28}},"2":{"start":{"line":53,"column":8},"end":{"line":53,"column":29}},"3":{"start":{"line":66,"column":8},"end":{"line":66,"column":49}},"4":{"start":{"line":67,"column":8},"end":{"line":67,"column":31}},"5":{"start":{"line":68,"column":8},"end":{"line":68,"column":26}},"6":{"start":{"line":70,"column":8},"end":{"line":70,"column":35}},"7":{"start":{"line":78,"column":8},"end":{"line":78,"column":1844}},"8":{"start":{"line":79,"column":12},"end":{"line":79,"column":47}},"9":{"start":{"line":88,"column":8},"end":{"line":88,"column":2068}},"10":{"start":{"line":89,"column":12},"end":{"line":89,"column":19}},"11":{"start":{"line":92,"column":8},"end":{"line":92,"column":41}},"12":{"start":{"line":94,"column":8},"end":{"line":94,"column":38}},"13":{"start":{"line":102,"column":8},"end":{"line":102,"column":2415}},"14":{"start":{"line":103,"column":12},"end":{"line":103,"column":19}},"15":{"start":{"line":106,"column":8},"end":{"line":106,"column":41}},"16":{"start":{"line":108,"column":8},"end":{"line":108,"column":38}},"17":{"start":{"line":116,"column":8},"end":{"line":116,"column":2762}},"18":{"start":{"line":117,"column":12},"end":{"line":117,"column":19}},"19":{"start":{"line":120,"column":8},"end":{"line":120,"column":42}},"20":{"start":{"line":122,"column":8},"end":{"line":122,"column":39}},"21":{"start":{"line":131,"column":8},"end":{"line":131,"column":26}},"22":{"start":{"line":133,"column":8},"end":{"line":133,"column":35}},"23":{"start":{"line":142,"column":8},"end":{"line":142,"column":27}},"24":{"start":{"line":144,"column":8},"end":{"line":144,"column":36}},"25":{"start":{"line":159,"column":8},"end":{"line":159,"column":3690}},"26":{"start":{"line":160,"column":12},"end":{"line":160,"column":24}},"27":{"start":{"line":165,"column":12},"end":{"line":165,"column":3898}},"28":{"start":{"line":166,"column":16},"end":{"line":166,"column":28}},"29":{"start":{"line":169,"column":16},"end":{"line":169,"column":27}},"30":{"start":{"line":180,"column":8},"end":{"line":180,"column":53}}},"branchMap":{"1":{"line":48,"type":"if","locations":[{"start":{"line":48,"column":8},"end":{"line":48,"column":8}},{"start":{"line":48,"column":8},"end":{"line":48,"column":8}}]},"2":{"line":53,"type":"if","locations":[{"start":{"line":53,"column":8},"end":{"line":53,"column":8}},{"start":{"line":53,"column":8},"end":{"line":53,"column":8}}]},"3":{"line":78,"type":"if","locations":[{"start":{"line":78,"column":8},"end":{"line":78,"column":8}},{"start":{"line":78,"column":8},"end":{"line":78,"column":8}}]},"4":{"line":88,"type":"if","locations":[{"start":{"line":88,"column":8},"end":{"line":88,"column":8}},{"start":{"line":88,"column":8},"end":{"line":88,"column":8}}]},"5":{"line":102,"type":"if","locations":[{"start":{"line":102,"column":8},"end":{"line":102,"column":8}},{"start":{"line":102,"column":8},"end":{"line":102,"column":8}}]},"6":{"line":116,"type":"if","locations":[{"start":{"line":116,"column":8},"end":{"line":116,"column":8}},{"start":{"line":116,"column":8},"end":{"line":116,"column":8}}]},"7":{"line":159,"type":"if","locations":[{"start":{"line":159,"column":8},"end":{"line":159,"column":8}},{"start":{"line":159,"column":8},"end":{"line":159,"column":8}}]},"8":{"line":165,"type":"if","locations":[{"start":{"line":165,"column":12},"end":{"line":165,"column":12}},{"start":{"line":165,"column":12},"end":{"line":165,"column":12}}]}}},"contracts/math/SafeMath.sol":{"l":{"13":3,"14":1,"16":2,"17":2,"18":1,"26":2,"28":1,"35":42,"36":41,"43":77,"44":77,"45":76},"path":"/home/nico/Desktop/public_repos/smart-contract-faucet/contracts/math/SafeMath.sol","s":{"1":3,"2":1,"3":2,"4":2,"5":1,"6":2,"7":1,"8":42,"9":41,"10":77,"11":77,"12":76},"b":{"1":[1,2],"2":[1,1],"3":[41,1],"4":[76,1]},"f":{"1":3,"2":2,"3":42,"4":77},"fnMap":{"1":{"name":"mul","line":12,"loc":{"start":{"line":12,"column":4},"end":{"line":12,"column":68}}},"2":{"name":"div","line":24,"loc":{"start":{"line":24,"column":4},"end":{"line":24,"column":68}}},"3":{"name":"sub","line":34,"loc":{"start":{"line":34,"column":4},"end":{"line":34,"column":68}}},"4":{"name":"add","line":42,"loc":{"start":{"line":42,"column":4},"end":{"line":42,"column":68}}}},"statementMap":{"1":{"start":{"line":13,"column":8},"end":{"line":13,"column":296}},"2":{"start":{"line":14,"column":12},"end":{"line":14,"column":20}},"3":{"start":{"line":16,"column":8},"end":{"line":16,"column":24}},"4":{"start":{"line":17,"column":8},"end":{"line":17,"column":25}},"5":{"start":{"line":18,"column":8},"end":{"line":18,"column":16}},"6":{"start":{"line":26,"column":8},"end":{"line":26,"column":24}},"7":{"start":{"line":28,"column":8},"end":{"line":28,"column":16}},"8":{"start":{"line":35,"column":8},"end":{"line":35,"column":21}},"9":{"start":{"line":36,"column":8},"end":{"line":36,"column":20}},"10":{"start":{"line":43,"column":8},"end":{"line":43,"column":24}},"11":{"start":{"line":44,"column":8},"end":{"line":44,"column":21}},"12":{"start":{"line":45,"column":8},"end":{"line":45,"column":16}}},"branchMap":{"1":{"line":13,"type":"if","locations":[{"start":{"line":13,"column":8},"end":{"line":13,"column":8}},{"start":{"line":13,"column":8},"end":{"line":13,"column":8}}]},"2":{"line":17,"type":"if","locations":[{"start":{"line":17,"column":8},"end":{"line":17,"column":8}},{"start":{"line":17,"column":8},"end":{"line":17,"column":8}}]},"3":{"line":35,"type":"if","locations":[{"start":{"line":35,"column":8},"end":{"line":35,"column":8}},{"start":{"line":35,"column":8},"end":{"line":35,"column":8}}]},"4":{"line":44,"type":"if","locations":[{"start":{"line":44,"column":8},"end":{"line":44,"column":8}},{"start":{"line":44,"column":8},"end":{"line":44,"column":8}}]}}},"contracts/mocks/BasicTokenMock.sol":{"l":{"9":7,"10":7},"path":"/home/nico/Desktop/public_repos/smart-contract-faucet/contracts/mocks/BasicTokenMock.sol","s":{"1":7,"2":7},"b":{},"f":{"1":7},"fnMap":{"1":{"name":null,"line":8,"loc":{"start":{"line":8,"column":4},"end":{"line":8,"column":68}}}},"statementMap":{"1":{"start":{"line":9,"column":8},"end":{"line":9,"column":48}},"2":{"start":{"line":10,"column":8},"end":{"line":10,"column":36}}},"branchMap":{}},"contracts/mocks/BurnableTokenMock.sol":{"l":{"8":4,"9":4},"path":"/home/nico/Desktop/public_repos/smart-contract-faucet/contracts/mocks/BurnableTokenMock.sol","s":{"1":4,"2":4},"b":{},"f":{"1":4},"fnMap":{"1":{"name":null,"line":7,"loc":{"start":{"line":7,"column":4},"end":{"line":7,"column":65}}}},"statementMap":{"1":{"start":{"line":8,"column":8},"end":{"line":8,"column":48}},"2":{"start":{"line":9,"column":8},"end":{"line":9,"column":36}}},"branchMap":{}},"contracts/mocks/SafeMathMock.sol":{"l":{"8":3,"12":2,"16":2,"20":2},"path":"/home/nico/Desktop/public_repos/smart-contract-faucet/contracts/mocks/SafeMathMock.sol","s":{"1":3,"2":2,"3":2,"4":2},"b":{},"f":{"1":3,"2":2,"3":2,"4":2},"fnMap":{"1":{"name":"mul","line":7,"loc":{"start":{"line":7,"column":4},"end":{"line":7,"column":66}}},"2":{"name":"div","line":11,"loc":{"start":{"line":11,"column":4},"end":{"line":11,"column":66}}},"3":{"name":"sub","line":15,"loc":{"start":{"line":15,"column":4},"end":{"line":15,"column":66}}},"4":{"name":"add","line":19,"loc":{"start":{"line":19,"column":4},"end":{"line":19,"column":66}}}},"statementMap":{"1":{"start":{"line":8,"column":8},"end":{"line":8,"column":33}},"2":{"start":{"line":12,"column":8},"end":{"line":12,"column":33}},"3":{"start":{"line":16,"column":8},"end":{"line":16,"column":33}},"4":{"start":{"line":20,"column":8},"end":{"line":20,"column":33}}},"branchMap":{}},"contracts/mocks/StandardTokenMock.sol":{"l":{"9":38,"10":38},"path":"/home/nico/Desktop/public_repos/smart-contract-faucet/contracts/mocks/StandardTokenMock.sol","s":{"1":38,"2":38},"b":{},"f":{"1":38},"fnMap":{"1":{"name":null,"line":8,"loc":{"start":{"line":8,"column":4},"end":{"line":8,"column":68}}}},"statementMap":{"1":{"start":{"line":9,"column":8},"end":{"line":9,"column":48}},"2":{"start":{"line":10,"column":8},"end":{"line":10,"column":36}}},"branchMap":{}},"contracts/ownership/Ownable.sol":{"l":{"20":44,"27":42,"28":35,"36":2,"37":1,"38":1},"path":"/home/nico/Desktop/public_repos/smart-contract-faucet/contracts/ownership/Ownable.sol","s":{"1":44,"2":42,"3":2,"4":1,"5":1},"b":{"1":[35,7],"2":[1,1]},"f":{"1":44,"2":42,"3":2},"fnMap":{"1":{"name":null,"line":19,"loc":{"start":{"line":19,"column":4},"end":{"line":19,"column":22}}},"2":{"name":"onlyOwner","line":26,"loc":{"start":{"line":26,"column":4},"end":{"line":26,"column":22}}},"3":{"name":"transferOwnership","line":35,"loc":{"start":{"line":35,"column":4},"end":{"line":35,"column":63}}}},"statementMap":{"1":{"start":{"line":20,"column":8},"end":{"line":20,"column":25}},"2":{"start":{"line":27,"column":8},"end":{"line":27,"column":35}},"3":{"start":{"line":36,"column":8},"end":{"line":36,"column":38}},"4":{"start":{"line":37,"column":8},"end":{"line":37,"column":50}},"5":{"start":{"line":38,"column":8},"end":{"line":38,"column":23}}},"branchMap":{"1":{"line":27,"type":"if","locations":[{"start":{"line":27,"column":8},"end":{"line":27,"column":8}},{"start":{"line":27,"column":8},"end":{"line":27,"column":8}}]},"2":{"line":36,"type":"if","locations":[{"start":{"line":36,"column":8},"end":{"line":36,"column":8}},{"start":{"line":36,"column":8},"end":{"line":36,"column":8}}]}}},"contracts/token/AvocadoToken.sol":{"l":{"26":14,"30":1,"31":2,"32":2,"33":2},"path":"/home/nico/Desktop/public_repos/smart-contract-faucet/contracts/token/AvocadoToken.sol","s":{"1":14,"2":1,"3":2,"4":2,"5":2},"b":{"1":[2,0]},"f":{"1":14,"2":1},"fnMap":{"1":{"name":null,"line":25,"loc":{"start":{"line":25,"column":4},"end":{"line":25,"column":22}}},"2":{"name":"airdrop","line":29,"loc":{"start":{"line":29,"column":4},"end":{"line":29,"column":75}}}},"statementMap":{"1":{"start":{"line":26,"column":8},"end":{"line":26,"column":32}},"2":{"start":{"line":30,"column":8},"end":{"line":30,"column":1020}},"3":{"start":{"line":31,"column":12},"end":{"line":31,"column":44}},"4":{"start":{"line":32,"column":12},"end":{"line":32,"column":49}},"5":{"start":{"line":33,"column":12},"end":{"line":33,"column":32}}},"branchMap":{"1":{"line":32,"type":"if","locations":[{"start":{"line":32,"column":12},"end":{"line":32,"column":12}},{"start":{"line":32,"column":12},"end":{"line":32,"column":12}}]}}},"contracts/token/BasicToken.sol":{"l":{"21":2,"30":30,"31":28,"34":26,"35":26,"36":26,"37":26,"46":52},"path":"/home/nico/Desktop/public_repos/smart-contract-faucet/contracts/token/BasicToken.sol","s":{"1":2,"2":30,"3":28,"4":26,"5":26,"6":26,"7":26,"8":52},"b":{"1":[28,2],"2":[26,2]},"f":{"1":2,"2":30,"3":52},"fnMap":{"1":{"name":"totalSupply","line":20,"loc":{"start":{"line":20,"column":4},"end":{"line":20,"column":54}}},"2":{"name":"transfer","line":29,"loc":{"start":{"line":29,"column":4},"end":{"line":29,"column":70}}},"3":{"name":"balanceOf","line":45,"loc":{"start":{"line":45,"column":4},"end":{"line":45,"column":74}}}},"statementMap":{"1":{"start":{"line":21,"column":8},"end":{"line":21,"column":27}},"2":{"start":{"line":30,"column":8},"end":{"line":30,"column":33}},"3":{"start":{"line":31,"column":8},"end":{"line":31,"column":46}},"4":{"start":{"line":34,"column":8},"end":{"line":34,"column":62}},"5":{"start":{"line":35,"column":8},"end":{"line":35,"column":48}},"6":{"start":{"line":36,"column":8},"end":{"line":36,"column":46}},"7":{"start":{"line":37,"column":8},"end":{"line":37,"column":19}},"8":{"start":{"line":46,"column":8},"end":{"line":46,"column":31}}},"branchMap":{"1":{"line":30,"type":"if","locations":[{"start":{"line":30,"column":8},"end":{"line":30,"column":8}},{"start":{"line":30,"column":8},"end":{"line":30,"column":8}}]},"2":{"line":31,"type":"if","locations":[{"start":{"line":31,"column":8},"end":{"line":31,"column":8}},{"start":{"line":31,"column":8},"end":{"line":31,"column":8}}]}}},"contracts/token/BurnableToken.sol":{"l":{"18":4,"22":3,"23":3,"24":3,"25":3,"26":3},"path":"/home/nico/Desktop/public_repos/smart-contract-faucet/contracts/token/BurnableToken.sol","s":{"1":4,"2":3,"3":3,"4":3,"5":3,"6":3},"b":{"1":[3,1]},"f":{"1":4},"fnMap":{"1":{"name":"burn","line":17,"loc":{"start":{"line":17,"column":4},"end":{"line":17,"column":38}}}},"statementMap":{"1":{"start":{"line":18,"column":8},"end":{"line":18,"column":46}},"2":{"start":{"line":22,"column":8},"end":{"line":22,"column":34}},"3":{"start":{"line":23,"column":8},"end":{"line":23,"column":54}},"4":{"start":{"line":24,"column":8},"end":{"line":24,"column":46}},"5":{"start":{"line":25,"column":8},"end":{"line":25,"column":33}},"6":{"start":{"line":26,"column":8},"end":{"line":26,"column":49}}},"branchMap":{"1":{"line":18,"type":"if","locations":[{"start":{"line":18,"column":8},"end":{"line":18,"column":8}},{"start":{"line":18,"column":8},"end":{"line":18,"column":8}}]}}},"contracts/token/ERC20.sol":{"l":{},"path":"/home/nico/Desktop/public_repos/smart-contract-faucet/contracts/token/ERC20.sol","s":{},"b":{},"f":{},"fnMap":{},"statementMap":{},"branchMap":{}},"contracts/token/ERC20Basic.sol":{"l":{},"path":"/home/nico/Desktop/public_repos/smart-contract-faucet/contracts/token/ERC20Basic.sol","s":{},"b":{},"f":{},"fnMap":{},"statementMap":{},"branchMap":{}},"contracts/token/MintableToken.sol":{"l":{"19":27,"20":25,"30":18,"31":18,"32":18,"33":18,"34":18,"42":7,"43":7,"44":7},"path":"/home/nico/Desktop/public_repos/smart-contract-faucet/contracts/token/MintableToken.sol","s":{"1":27,"2":18,"3":18,"4":18,"5":18,"6":18,"7":7,"8":7,"9":7},"b":{"1":[25,2]},"f":{"1":27,"2":18,"3":7},"fnMap":{"1":{"name":"canMint","line":18,"loc":{"start":{"line":18,"column":4},"end":{"line":18,"column":20}}},"2":{"name":"mint","line":29,"loc":{"start":{"line":29,"column":4},"end":{"line":29,"column":85}}},"3":{"name":"finishMinting","line":41,"loc":{"start":{"line":41,"column":4},"end":{"line":41,"column":66}}}},"statementMap":{"1":{"start":{"line":19,"column":8},"end":{"line":19,"column":32}},"2":{"start":{"line":30,"column":8},"end":{"line":30,"column":47}},"3":{"start":{"line":31,"column":8},"end":{"line":31,"column":49}},"4":{"start":{"line":32,"column":8},"end":{"line":32,"column":31}},"5":{"start":{"line":33,"column":8},"end":{"line":33,"column":47}},"6":{"start":{"line":34,"column":8},"end":{"line":34,"column":19}},"7":{"start":{"line":42,"column":8},"end":{"line":42,"column":29}},"8":{"start":{"line":43,"column":8},"end":{"line":43,"column":27}},"9":{"start":{"line":44,"column":8},"end":{"line":44,"column":19}}},"branchMap":{"1":{"line":19,"type":"if","locations":[{"start":{"line":19,"column":8},"end":{"line":19,"column":8}},{"start":{"line":19,"column":8},"end":{"line":19,"column":8}}]}}},"contracts/token/StandardToken.sol":{"l":{"25":7,"26":6,"27":4,"29":3,"30":3,"31":3,"32":3,"33":3,"47":21,"48":21,"49":21,"59":16,"73":8,"74":8,"75":8,"89":8,"90":8,"91":6,"93":2,"95":8,"96":8},"path":"/home/nico/Desktop/public_repos/smart-contract-faucet/contracts/token/StandardToken.sol","s":{"1":7,"2":6,"3":4,"4":3,"5":3,"6":3,"7":3,"8":3,"9":21,"10":21,"11":21,"12":16,"13":8,"14":8,"15":8,"16":8,"17":8,"18":6,"19":2,"20":8,"21":8},"b":{"1":[6,1],"2":[4,2],"3":[3,1],"4":[6,2]},"f":{"1":7,"2":21,"3":16,"4":8,"5":8},"fnMap":{"1":{"name":"transferFrom","line":24,"loc":{"start":{"line":24,"column":4},"end":{"line":24,"column":89}}},"2":{"name":"approve","line":46,"loc":{"start":{"line":46,"column":4},"end":{"line":46,"column":74}}},"3":{"name":"allowance","line":58,"loc":{"start":{"line":58,"column":4},"end":{"line":58,"column":84}}},"4":{"name":"increaseApproval","line":72,"loc":{"start":{"line":72,"column":4},"end":{"line":72,"column":85}}},"5":{"name":"decreaseApproval","line":88,"loc":{"start":{"line":88,"column":4},"end":{"line":88,"column":90}}}},"statementMap":{"1":{"start":{"line":25,"column":8},"end":{"line":25,"column":33}},"2":{"start":{"line":26,"column":8},"end":{"line":26,"column":41}},"3":{"start":{"line":27,"column":8},"end":{"line":27,"column":52}},"4":{"start":{"line":29,"column":8},"end":{"line":29,"column":52}},"5":{"start":{"line":30,"column":8},"end":{"line":30,"column":48}},"6":{"start":{"line":31,"column":8},"end":{"line":31,"column":74}},"7":{"start":{"line":32,"column":8},"end":{"line":32,"column":41}},"8":{"start":{"line":33,"column":8},"end":{"line":33,"column":19}},"9":{"start":{"line":47,"column":8},"end":{"line":47,"column":45}},"10":{"start":{"line":48,"column":8},"end":{"line":48,"column":51}},"11":{"start":{"line":49,"column":8},"end":{"line":49,"column":19}},"12":{"start":{"line":59,"column":8},"end":{"line":59,"column":40}},"13":{"start":{"line":73,"column":8},"end":{"line":73,"column":85}},"14":{"start":{"line":74,"column":8},"end":{"line":74,"column":74}},"15":{"start":{"line":75,"column":8},"end":{"line":75,"column":19}},"16":{"start":{"line":89,"column":8},"end":{"line":89,"column":52}},"17":{"start":{"line":90,"column":8},"end":{"line":90,"column":3906}},"18":{"start":{"line":91,"column":12},"end":{"line":91,"column":44}},"19":{"start":{"line":93,"column":12},"end":{"line":93,"column":73}},"20":{"start":{"line":95,"column":8},"end":{"line":95,"column":74}},"21":{"start":{"line":96,"column":8},"end":{"line":96,"column":19}}},"branchMap":{"1":{"line":25,"type":"if","locations":[{"start":{"line":25,"column":8},"end":{"line":25,"column":8}},{"start":{"line":25,"column":8},"end":{"line":25,"column":8}}]},"2":{"line":26,"type":"if","locations":[{"start":{"line":26,"column":8},"end":{"line":26,"column":8}},{"start":{"line":26,"column":8},"end":{"line":26,"column":8}}]},"3":{"line":27,"type":"if","locations":[{"start":{"line":27,"column":8},"end":{"line":27,"column":8}},{"start":{"line":27,"column":8},"end":{"line":27,"column":8}}]},"4":{"line":90,"type":"if","locations":[{"start":{"line":90,"column":8},"end":{"line":90,"column":8}},{"start":{"line":90,"column":8},"end":{"line":90,"column":8}}]}}}}